{"C:\\Users\\user\\Desktop\\Estudos\\web-academy-ufam\\WACAD016 - Fundamentos de Teste de Software\\TP01\\tests-app-main\\src\\utils\\validacoes.js": {"path":"C:\\Users\\user\\Desktop\\Estudos\\web-academy-ufam\\WACAD016 - Fundamentos de Teste de Software\\TP01\\tests-app-main\\src\\utils\\validacoes.js","statementMap":{"0":{"start":{"line":8,"column":2},"end":{"line":8,"column":46}},"1":{"start":{"line":8,"column":36},"end":{"line":8,"column":46}},"2":{"start":{"line":10,"column":2},"end":{"line":10,"column":39}},"3":{"start":{"line":22,"column":16},"end":{"line":28,"column":3}},"4":{"start":{"line":30,"column":25},"end":{"line":30,"column":43}},"5":{"start":{"line":31,"column":2},"end":{"line":31,"column":44}},"6":{"start":{"line":31,"column":31},"end":{"line":31,"column":44}},"7":{"start":{"line":32,"column":2},"end":{"line":32,"column":42}},"8":{"start":{"line":50,"column":2},"end":{"line":50,"column":41}},"9":{"start":{"line":50,"column":32},"end":{"line":50,"column":41}},"10":{"start":{"line":52,"column":2},"end":{"line":52,"column":79}},"11":{"start":{"line":52,"column":40},"end":{"line":52,"column":74}},"12":{"start":{"line":55,"column":0},"end":{"line":59,"column":2}}},"fnMap":{"0":{"name":"firstName","decl":{"start":{"line":7,"column":9},"end":{"line":7,"column":18}},"loc":{"start":{"line":7,"column":29},"end":{"line":11,"column":1}},"line":7},"1":{"name":"checkStockAvailability","decl":{"start":{"line":21,"column":9},"end":{"line":21,"column":31}},"loc":{"start":{"line":21,"column":55},"end":{"line":33,"column":1}},"line":21},"2":{"name":"calculateTotalPrice","decl":{"start":{"line":49,"column":9},"end":{"line":49,"column":28}},"loc":{"start":{"line":49,"column":39},"end":{"line":53,"column":1}},"line":49},"3":{"name":"(anonymous_3)","decl":{"start":{"line":52,"column":25},"end":{"line":52,"column":26}},"loc":{"start":{"line":52,"column":40},"end":{"line":52,"column":74}},"line":52}},"branchMap":{"0":{"loc":{"start":{"line":8,"column":2},"end":{"line":8,"column":46}},"type":"if","locations":[{"start":{"line":8,"column":2},"end":{"line":8,"column":46}},{"start":{},"end":{}}],"line":8},"1":{"loc":{"start":{"line":31,"column":2},"end":{"line":31,"column":44}},"type":"if","locations":[{"start":{"line":31,"column":2},"end":{"line":31,"column":44}},{"start":{},"end":{}}],"line":31},"2":{"loc":{"start":{"line":50,"column":2},"end":{"line":50,"column":41}},"type":"if","locations":[{"start":{"line":50,"column":2},"end":{"line":50,"column":41}},{"start":{},"end":{}}],"line":50}},"s":{"0":6,"1":2,"2":4,"3":6,"4":6,"5":6,"6":1,"7":5,"8":5,"9":2,"10":3,"11":6,"12":1},"f":{"0":6,"1":6,"2":5,"3":6},"b":{"0":[2,4],"1":[1,5],"2":[2,3]},"_coverageSchema":"1a1c01bbd47fc00a2c39e90264f33305004495a9","hash":"904428277b469838111cc06ceae0254a82bb9adf"}
}
